app/build/intermediates/manifest_merge_blame_file/debug/processDebugMainManifest/manifest-merger-blame-debug-report.txt
1<?xml version="1.0" encoding="utf-8"?>
2<manifest xmlns:android="http://schemas.android.com/apk/res/android"
3    package="com.dentapp.app"
4    android:versionCode="1"
5    android:versionName="1.0.0" >
6
7    <uses-sdk
8        android:minSdkVersion="26"
9        android:targetSdkVersion="35" />
10
11    <uses-permission android:name="android.permission.INTERNET" />
11-->src/main/AndroidManifest.xml:4:5-67
11-->src/main/AndroidManifest.xml:4:22-64
12    <uses-permission android:name="android.permission.ACCESS_NETWORK_STATE" />
12-->src/main/AndroidManifest.xml:5:5-79
12-->src/main/AndroidManifest.xml:5:22-76
13    <uses-permission android:name="android.permission.POST_NOTIFICATIONS" />
13-->src/main/AndroidManifest.xml:6:5-77
13-->src/main/AndroidManifest.xml:6:22-74
14    <uses-permission
14-->src/main/AndroidManifest.xml:7:5-8:36
15        android:name="android.permission.CAMERA"
15-->src/main/AndroidManifest.xml:7:22-62
16        android:required="false" />
16-->src/main/AndroidManifest.xml:8:9-33
17    <uses-permission
17-->src/main/AndroidManifest.xml:9:5-10:36
18        android:name="android.permission.ACCESS_FINE_LOCATION"
18-->src/main/AndroidManifest.xml:9:22-76
19        android:required="false" />
19-->src/main/AndroidManifest.xml:10:9-33
20    <uses-permission
20-->src/main/AndroidManifest.xml:11:5-12:36
21        android:name="android.permission.ACCESS_COARSE_LOCATION"
21-->src/main/AndroidManifest.xml:11:22-78
22        android:required="false" />
22-->src/main/AndroidManifest.xml:12:9-33
23    <uses-permission
23-->src/main/AndroidManifest.xml:13:5-14:36
24        android:name="android.permission.RECORD_AUDIO"
24-->src/main/AndroidManifest.xml:13:22-68
25        android:required="false" />
25-->src/main/AndroidManifest.xml:14:9-33
26    <uses-permission
26-->src/main/AndroidManifest.xml:15:5-16:36
27        android:name="android.permission.READ_MEDIA_IMAGES"
27-->src/main/AndroidManifest.xml:15:22-73
28        android:required="false" />
28-->src/main/AndroidManifest.xml:16:9-33
29    <!-- See https://developer.android.com/training/package-visibility/declaring for more details. -->
30    <queries>
30-->[com.stripe:payments-core:20.52.0] AndroidManifest.xml:8:5-12:15
31
32        <!-- Added to check if Chrome is installed for browser-based payment authentication (e.g. 3DS1). -->
33        <package android:name="com.android.chrome" />
33-->[com.stripe:payments-core:20.52.0] AndroidManifest.xml:11:9-54
33-->[com.stripe:payments-core:20.52.0] AndroidManifest.xml:11:18-51
34        <!-- Needs to be explicitly declared on Android R+ -->
35        <package android:name="com.google.android.apps.maps" />
35-->[com.google.android.gms:play-services-maps:19.0.0] AndroidManifest.xml:33:9-64
35-->[com.google.android.gms:play-services-maps:19.0.0] AndroidManifest.xml:33:18-61
36    </queries>
37
38    <uses-feature
38-->[com.google.android.gms:play-services-maps:19.0.0] AndroidManifest.xml:26:5-28:35
39        android:glEsVersion="0x00020000"
39-->[com.google.android.gms:play-services-maps:19.0.0] AndroidManifest.xml:27:9-41
40        android:required="true" />
40-->[com.google.android.gms:play-services-maps:19.0.0] AndroidManifest.xml:28:9-32
41
42    <uses-permission android:name="android.permission.WAKE_LOCK" /> <!-- Required by older versions of Google Play services to create IID tokens -->
42-->[com.google.firebase:firebase-messaging:24.0.2] AndroidManifest.xml:24:5-68
42-->[com.google.firebase:firebase-messaging:24.0.2] AndroidManifest.xml:24:22-65
43    <uses-permission android:name="com.google.android.c2dm.permission.RECEIVE" />
43-->[com.google.firebase:firebase-messaging:24.0.2] AndroidManifest.xml:26:5-82
43-->[com.google.firebase:firebase-messaging:24.0.2] AndroidManifest.xml:26:22-79
44    <uses-permission android:name="com.google.android.finsky.permission.BIND_GET_INSTALL_REFERRER_SERVICE" />
44-->[com.google.android.gms:play-services-measurement:22.1.2] AndroidManifest.xml:26:5-110
44-->[com.google.android.gms:play-services-measurement:22.1.2] AndroidManifest.xml:26:22-107
45    <uses-permission android:name="com.google.android.gms.permission.AD_ID" />
45-->[com.google.android.gms:play-services-measurement-impl:22.1.2] AndroidManifest.xml:27:5-79
45-->[com.google.android.gms:play-services-measurement-impl:22.1.2] AndroidManifest.xml:27:22-76
46    <uses-permission android:name="android.permission.ACCESS_ADSERVICES_ATTRIBUTION" />
46-->[com.google.android.gms:play-services-measurement-api:22.1.2] AndroidManifest.xml:26:5-88
46-->[com.google.android.gms:play-services-measurement-api:22.1.2] AndroidManifest.xml:26:22-85
47    <uses-permission android:name="android.permission.ACCESS_ADSERVICES_AD_ID" />
47-->[com.google.android.gms:play-services-measurement-api:22.1.2] AndroidManifest.xml:27:5-82
47-->[com.google.android.gms:play-services-measurement-api:22.1.2] AndroidManifest.xml:27:22-79
48    <uses-permission android:name="com.google.android.providers.gsf.permission.READ_GSERVICES" />
48-->[com.google.android.recaptcha:recaptcha:18.4.0] AndroidManifest.xml:9:5-98
48-->[com.google.android.recaptcha:recaptcha:18.4.0] AndroidManifest.xml:9:22-95
49
50    <permission
50-->[androidx.core:core:1.13.1] AndroidManifest.xml:22:5-24:47
51        android:name="com.dentapp.app.DYNAMIC_RECEIVER_NOT_EXPORTED_PERMISSION"
51-->[androidx.core:core:1.13.1] AndroidManifest.xml:23:9-81
52        android:protectionLevel="signature" />
52-->[androidx.core:core:1.13.1] AndroidManifest.xml:24:9-44
53
54    <uses-permission android:name="com.dentapp.app.DYNAMIC_RECEIVER_NOT_EXPORTED_PERMISSION" />
54-->[androidx.core:core:1.13.1] AndroidManifest.xml:26:5-97
54-->[androidx.core:core:1.13.1] AndroidManifest.xml:26:22-94
55
56    <application
56-->src/main/AndroidManifest.xml:18:5-67:19
57        android:name="com.dentapp.app.DentApp"
57-->src/main/AndroidManifest.xml:19:9-32
58        android:allowBackup="true"
58-->src/main/AndroidManifest.xml:20:9-35
59        android:appComponentFactory="androidx.core.app.CoreComponentFactory"
59-->[androidx.core:core:1.13.1] AndroidManifest.xml:28:18-86
60        android:debuggable="true"
61        android:extractNativeLibs="false"
62        android:icon="@mipmap/ic_launcher"
62-->src/main/AndroidManifest.xml:21:9-43
63        android:label="@string/app_name"
63-->src/main/AndroidManifest.xml:22:9-41
64        android:roundIcon="@mipmap/ic_launcher_round"
64-->src/main/AndroidManifest.xml:23:9-54
65        android:supportsRtl="true"
65-->src/main/AndroidManifest.xml:24:9-35
66        android:theme="@style/Theme.DentApp" >
66-->src/main/AndroidManifest.xml:25:9-45
67        <activity
67-->src/main/AndroidManifest.xml:27:9-35:20
68            android:name="com.dentapp.app.MainActivity"
68-->src/main/AndroidManifest.xml:28:13-41
69            android:exported="true"
69-->src/main/AndroidManifest.xml:29:13-36
70            android:theme="@style/Theme.DentApp.Splash" >
70-->src/main/AndroidManifest.xml:30:13-56
71            <intent-filter>
71-->src/main/AndroidManifest.xml:31:13-34:29
72                <action android:name="android.intent.action.MAIN" />
72-->src/main/AndroidManifest.xml:32:17-69
72-->src/main/AndroidManifest.xml:32:25-66
73
74                <category android:name="android.intent.category.LAUNCHER" />
74-->src/main/AndroidManifest.xml:33:17-77
74-->src/main/AndroidManifest.xml:33:27-74
75            </intent-filter>
76        </activity>
77
78        <!-- Google Maps API Key — reemplazar con la tuya de console.cloud.google.com -->
79        <meta-data
80            android:name="com.google.android.geo.API_KEY"
80-->src/main/AndroidManifest.xml:39:13-58
81            android:value="TU_GOOGLE_MAPS_API_KEY" />
81-->src/main/AndroidManifest.xml:40:13-44
82
83        <!-- Google Play content rating -->
84        <meta-data
84-->src/main/AndroidManifest.xml:43:9-45:69
85            android:name="com.google.android.gms.version"
85-->src/main/AndroidManifest.xml:44:13-58
86            android:value="@integer/google_play_services_version" />
86-->src/main/AndroidManifest.xml:45:13-66
87
88        <!-- Firebase Cloud Messaging -->
89        <service
89-->src/main/AndroidManifest.xml:48:9-54:19
90            android:name="com.dentapp.app.utils.DentAppFCMService"
90-->src/main/AndroidManifest.xml:49:13-52
91            android:exported="false" >
91-->src/main/AndroidManifest.xml:50:13-37
92            <intent-filter>
92-->src/main/AndroidManifest.xml:51:13-53:29
93                <action android:name="com.google.firebase.MESSAGING_EVENT" />
93-->src/main/AndroidManifest.xml:52:17-78
93-->src/main/AndroidManifest.xml:52:25-75
94            </intent-filter>
95        </service>
96
97        <!-- FileProvider for camera photos -->
98        <provider
99            android:name="androidx.core.content.FileProvider"
99-->src/main/AndroidManifest.xml:58:13-62
100            android:authorities="com.dentapp.app.provider"
100-->src/main/AndroidManifest.xml:59:13-60
101            android:exported="false"
101-->src/main/AndroidManifest.xml:60:13-37
102            android:grantUriPermissions="true" >
102-->src/main/AndroidManifest.xml:61:13-47
103            <meta-data
103-->src/main/AndroidManifest.xml:62:13-64:63
104                android:name="android.support.FILE_PROVIDER_PATHS"
104-->src/main/AndroidManifest.xml:63:17-67
105                android:resource="@xml/file_provider_paths" />
105-->src/main/AndroidManifest.xml:64:17-60
106        </provider>
107
108        <activity
108-->[com.stripe:paymentsheet:20.52.0] AndroidManifest.xml:8:9-11:69
109            android:name="com.stripe.android.paymentsheet.PaymentSheetActivity"
109-->[com.stripe:paymentsheet:20.52.0] AndroidManifest.xml:9:13-80
110            android:exported="false"
110-->[com.stripe:paymentsheet:20.52.0] AndroidManifest.xml:10:13-37
111            android:theme="@style/StripePaymentSheetDefaultTheme" />
111-->[com.stripe:paymentsheet:20.52.0] AndroidManifest.xml:11:13-66
112        <activity
112-->[com.stripe:paymentsheet:20.52.0] AndroidManifest.xml:12:9-15:69
113            android:name="com.stripe.android.paymentsheet.PaymentOptionsActivity"
113-->[com.stripe:paymentsheet:20.52.0] AndroidManifest.xml:13:13-82
114            android:exported="false"
114-->[com.stripe:paymentsheet:20.52.0] AndroidManifest.xml:14:13-37
115            android:theme="@style/StripePaymentSheetDefaultTheme" />
115-->[com.stripe:paymentsheet:20.52.0] AndroidManifest.xml:15:13-66
116        <activity
116-->[com.stripe:paymentsheet:20.52.0] AndroidManifest.xml:16:9-19:69
117            android:name="com.stripe.android.customersheet.CustomerSheetActivity"
117-->[com.stripe:paymentsheet:20.52.0] AndroidManifest.xml:17:13-82
118            android:exported="false"
118-->[com.stripe:paymentsheet:20.52.0] AndroidManifest.xml:18:13-37
119            android:theme="@style/StripePaymentSheetDefaultTheme" />
119-->[com.stripe:paymentsheet:20.52.0] AndroidManifest.xml:19:13-66
120        <activity
120-->[com.stripe:paymentsheet:20.52.0] AndroidManifest.xml:20:9-23:69
121            android:name="com.stripe.android.paymentsheet.addresselement.AddressElementActivity"
121-->[com.stripe:paymentsheet:20.52.0] AndroidManifest.xml:21:13-97
122            android:exported="false"
122-->[com.stripe:paymentsheet:20.52.0] AndroidManifest.xml:22:13-37
123            android:theme="@style/StripePaymentSheetDefaultTheme" />
123-->[com.stripe:paymentsheet:20.52.0] AndroidManifest.xml:23:13-66
124        <activity
124-->[com.stripe:paymentsheet:20.52.0] AndroidManifest.xml:24:9-27:69
125            android:name="com.stripe.android.paymentsheet.paymentdatacollection.bacs.BacsMandateConfirmationActivity"
125-->[com.stripe:paymentsheet:20.52.0] AndroidManifest.xml:25:13-118
126            android:exported="false"
126-->[com.stripe:paymentsheet:20.52.0] AndroidManifest.xml:26:13-37
127            android:theme="@style/StripePaymentSheetDefaultTheme" />
127-->[com.stripe:paymentsheet:20.52.0] AndroidManifest.xml:27:13-66
128        <activity
128-->[com.stripe:paymentsheet:20.52.0] AndroidManifest.xml:28:9-31:69
129            android:name="com.stripe.android.paymentsheet.paymentdatacollection.polling.PollingActivity"
129-->[com.stripe:paymentsheet:20.52.0] AndroidManifest.xml:29:13-105
130            android:exported="false"
130-->[com.stripe:paymentsheet:20.52.0] AndroidManifest.xml:30:13-37
131            android:theme="@style/StripePaymentSheetDefaultTheme" />
131-->[com.stripe:paymentsheet:20.52.0] AndroidManifest.xml:31:13-66
132        <activity
132-->[com.stripe:paymentsheet:20.52.0] AndroidManifest.xml:32:9-35:69
133            android:name="com.stripe.android.paymentsheet.ui.SepaMandateActivity"
133-->[com.stripe:paymentsheet:20.52.0] AndroidManifest.xml:33:13-82
134            android:exported="false"
134-->[com.stripe:paymentsheet:20.52.0] AndroidManifest.xml:34:13-37
135            android:theme="@style/StripePaymentSheetDefaultTheme" />
135-->[com.stripe:paymentsheet:20.52.0] AndroidManifest.xml:35:13-66
136        <activity
136-->[com.stripe:paymentsheet:20.52.0] AndroidManifest.xml:36:9-39:68
137            android:name="com.stripe.android.paymentsheet.ExternalPaymentMethodProxyActivity"
137-->[com.stripe:paymentsheet:20.52.0] AndroidManifest.xml:37:13-94
138            android:exported="false"
138-->[com.stripe:paymentsheet:20.52.0] AndroidManifest.xml:38:13-37
139            android:theme="@style/StripePayLauncherDefaultTheme" />
139-->[com.stripe:paymentsheet:20.52.0] AndroidManifest.xml:39:13-65
140        <activity
140-->[com.stripe:paymentsheet:20.52.0] AndroidManifest.xml:40:9-42:69
141            android:name="com.stripe.android.paymentsheet.paymentdatacollection.cvcrecollection.CvcRecollectionActivity"
141-->[com.stripe:paymentsheet:20.52.0] AndroidManifest.xml:41:13-121
142            android:theme="@style/StripePaymentSheetDefaultTheme" />
142-->[com.stripe:paymentsheet:20.52.0] AndroidManifest.xml:42:13-66
143        <activity
143-->[com.stripe:link:20.52.0] AndroidManifest.xml:8:9-13:61
144            android:name="com.stripe.android.link.LinkActivity"
144-->[com.stripe:link:20.52.0] AndroidManifest.xml:9:13-64
145            android:autoRemoveFromRecents="true"
145-->[com.stripe:link:20.52.0] AndroidManifest.xml:10:13-49
146            android:configChanges="orientation|keyboard|keyboardHidden|screenLayout|screenSize|smallestScreenSize"
146-->[com.stripe:link:20.52.0] AndroidManifest.xml:11:13-115
147            android:launchMode="singleTop"
147-->[com.stripe:link:20.52.0] AndroidManifest.xml:12:13-43
148            android:theme="@style/StripeTransparentTheme" />
148-->[com.stripe:link:20.52.0] AndroidManifest.xml:13:13-58
149        <activity
149-->[com.stripe:link:20.52.0] AndroidManifest.xml:14:9-19:61
150            android:name="com.stripe.android.link.LinkForegroundActivity"
150-->[com.stripe:link:20.52.0] AndroidManifest.xml:15:13-74
151            android:autoRemoveFromRecents="true"
151-->[com.stripe:link:20.52.0] AndroidManifest.xml:16:13-49
152            android:configChanges="orientation|keyboard|keyboardHidden|screenLayout|screenSize|smallestScreenSize"
152-->[com.stripe:link:20.52.0] AndroidManifest.xml:17:13-115
153            android:launchMode="singleTop"
153-->[com.stripe:link:20.52.0] AndroidManifest.xml:18:13-43
154            android:theme="@style/StripeTransparentTheme" />
154-->[com.stripe:link:20.52.0] AndroidManifest.xml:19:13-58
155        <activity
155-->[com.stripe:link:20.52.0] AndroidManifest.xml:20:9-37:20
156            android:name="com.stripe.android.link.LinkRedirectHandlerActivity"
156-->[com.stripe:link:20.52.0] AndroidManifest.xml:21:13-79
157            android:autoRemoveFromRecents="true"
157-->[com.stripe:link:20.52.0] AndroidManifest.xml:22:13-49
158            android:exported="true"
158-->[com.stripe:link:20.52.0] AndroidManifest.xml:23:13-36
159            android:launchMode="singleInstance"
159-->[com.stripe:link:20.52.0] AndroidManifest.xml:24:13-48
160            android:theme="@style/StripeTransparentTheme" >
160-->[com.stripe:link:20.52.0] AndroidManifest.xml:25:13-58
161            <intent-filter>
161-->[com.stripe:link:20.52.0] AndroidManifest.xml:26:13-36:29
162                <action android:name="android.intent.action.VIEW" />
162-->[com.stripe:link:20.52.0] AndroidManifest.xml:27:17-69
162-->[com.stripe:link:20.52.0] AndroidManifest.xml:27:25-66
163
164                <category android:name="android.intent.category.DEFAULT" />
164-->[com.stripe:link:20.52.0] AndroidManifest.xml:29:17-76
164-->[com.stripe:link:20.52.0] AndroidManifest.xml:29:27-73
165                <category android:name="android.intent.category.BROWSABLE" />
165-->[com.stripe:link:20.52.0] AndroidManifest.xml:30:17-78
165-->[com.stripe:link:20.52.0] AndroidManifest.xml:30:27-75
166
167                <data
167-->[com.stripe:link:20.52.0] AndroidManifest.xml:32:17-35:51
168                    android:host="complete"
168-->[com.stripe:link:20.52.0] AndroidManifest.xml:33:21-44
169                    android:path="/com.dentapp.app"
169-->[com.stripe:link:20.52.0] AndroidManifest.xml:34:21-53
170                    android:scheme="link-popup" />
170-->[com.stripe:link:20.52.0] AndroidManifest.xml:35:21-48
171            </intent-filter>
172        </activity>
173        <activity
173-->[com.stripe:payments-ui-core:20.52.0] AndroidManifest.xml:8:9-11:69
174            android:name="com.stripe.android.ui.core.cardscan.CardScanActivity"
174-->[com.stripe:payments-ui-core:20.52.0] AndroidManifest.xml:9:13-80
175            android:exported="false"
175-->[com.stripe:payments-ui-core:20.52.0] AndroidManifest.xml:10:13-37
176            android:theme="@style/StripePaymentSheetDefaultTheme" />
176-->[com.stripe:payments-ui-core:20.52.0] AndroidManifest.xml:11:13-66
177        <activity
177-->[com.stripe:payments-core:20.52.0] AndroidManifest.xml:15:9-18:57
178            android:name="com.stripe.android.view.AddPaymentMethodActivity"
178-->[com.stripe:payments-core:20.52.0] AndroidManifest.xml:16:13-76
179            android:exported="false"
179-->[com.stripe:payments-core:20.52.0] AndroidManifest.xml:17:13-37
180            android:theme="@style/StripeDefaultTheme" />
180-->[com.stripe:payments-core:20.52.0] AndroidManifest.xml:18:13-54
181        <activity
181-->[com.stripe:payments-core:20.52.0] AndroidManifest.xml:19:9-22:57
182            android:name="com.stripe.android.view.PaymentMethodsActivity"
182-->[com.stripe:payments-core:20.52.0] AndroidManifest.xml:20:13-74
183            android:exported="false"
183-->[com.stripe:payments-core:20.52.0] AndroidManifest.xml:21:13-37
184            android:theme="@style/StripeDefaultTheme" />
184-->[com.stripe:payments-core:20.52.0] AndroidManifest.xml:22:13-54
185        <activity
185-->[com.stripe:payments-core:20.52.0] AndroidManifest.xml:23:9-26:57
186            android:name="com.stripe.android.view.PaymentFlowActivity"
186-->[com.stripe:payments-core:20.52.0] AndroidManifest.xml:24:13-71
187            android:exported="false"
187-->[com.stripe:payments-core:20.52.0] AndroidManifest.xml:25:13-37
188            android:theme="@style/StripeDefaultTheme" />
188-->[com.stripe:payments-core:20.52.0] AndroidManifest.xml:26:13-54
189        <activity
189-->[com.stripe:payments-core:20.52.0] AndroidManifest.xml:27:9-30:57
190            android:name="com.stripe.android.view.PaymentAuthWebViewActivity"
190-->[com.stripe:payments-core:20.52.0] AndroidManifest.xml:28:13-78
191            android:exported="false"
191-->[com.stripe:payments-core:20.52.0] AndroidManifest.xml:29:13-37
192            android:theme="@style/StripeDefaultTheme" />
192-->[com.stripe:payments-core:20.52.0] AndroidManifest.xml:30:13-54
193        <activity
193-->[com.stripe:payments-core:20.52.0] AndroidManifest.xml:31:9-34:61
194            android:name="com.stripe.android.view.PaymentRelayActivity"
194-->[com.stripe:payments-core:20.52.0] AndroidManifest.xml:32:13-72
195            android:exported="false"
195-->[com.stripe:payments-core:20.52.0] AndroidManifest.xml:33:13-37
196            android:theme="@style/StripeTransparentTheme" />
196-->[com.stripe:payments-core:20.52.0] AndroidManifest.xml:34:13-58
197        <!--
198        Set android:launchMode="singleTop" so that the StripeBrowserLauncherActivity instance that
199        launched the browser Activity will also handle the return URL deep link.
200        -->
201        <activity
201-->[com.stripe:payments-core:20.52.0] AndroidManifest.xml:40:9-44:61
202            android:name="com.stripe.android.payments.StripeBrowserLauncherActivity"
202-->[com.stripe:payments-core:20.52.0] AndroidManifest.xml:41:13-85
203            android:exported="false"
203-->[com.stripe:payments-core:20.52.0] AndroidManifest.xml:42:13-37
204            android:launchMode="singleTask"
204-->[com.stripe:payments-core:20.52.0] AndroidManifest.xml:43:13-44
205            android:theme="@style/StripeTransparentTheme" />
205-->[com.stripe:payments-core:20.52.0] AndroidManifest.xml:44:13-58
206        <activity
206-->[com.stripe:payments-core:20.52.0] AndroidManifest.xml:45:9-62:20
207            android:name="com.stripe.android.payments.StripeBrowserProxyReturnActivity"
207-->[com.stripe:payments-core:20.52.0] AndroidManifest.xml:46:13-88
208            android:exported="true"
208-->[com.stripe:payments-core:20.52.0] AndroidManifest.xml:47:13-36
209            android:launchMode="singleTask"
209-->[com.stripe:payments-core:20.52.0] AndroidManifest.xml:48:13-44
210            android:theme="@style/StripeTransparentTheme" >
210-->[com.stripe:payments-core:20.52.0] AndroidManifest.xml:49:13-58
211            <intent-filter>
211-->[com.stripe:payments-core:20.52.0] AndroidManifest.xml:50:13-61:29
212                <action android:name="android.intent.action.VIEW" />
212-->[com.stripe:link:20.52.0] AndroidManifest.xml:27:17-69
212-->[com.stripe:link:20.52.0] AndroidManifest.xml:27:25-66
213
214                <category android:name="android.intent.category.DEFAULT" />
214-->[com.stripe:link:20.52.0] AndroidManifest.xml:29:17-76
214-->[com.stripe:link:20.52.0] AndroidManifest.xml:29:27-73
215                <category android:name="android.intent.category.BROWSABLE" />
215-->[com.stripe:link:20.52.0] AndroidManifest.xml:30:17-78
215-->[com.stripe:link:20.52.0] AndroidManifest.xml:30:27-75
216
217                <!-- Must match `DefaultReturnUrl#value`. -->
218                <data
218-->[com.stripe:link:20.52.0] AndroidManifest.xml:32:17-35:51
219                    android:host="payment_return_url"
219-->[com.stripe:link:20.52.0] AndroidManifest.xml:33:21-44
220                    android:path="/com.dentapp.app"
220-->[com.stripe:link:20.52.0] AndroidManifest.xml:34:21-53
221                    android:scheme="stripesdk" />
221-->[com.stripe:link:20.52.0] AndroidManifest.xml:35:21-48
222            </intent-filter>
223        </activity>
224        <activity
224-->[com.stripe:payments-core:20.52.0] AndroidManifest.xml:63:9-66:57
225            android:name="com.stripe.android.payments.core.authentication.threeds2.Stripe3ds2TransactionActivity"
225-->[com.stripe:payments-core:20.52.0] AndroidManifest.xml:64:13-114
226            android:exported="false"
226-->[com.stripe:payments-core:20.52.0] AndroidManifest.xml:65:13-37
227            android:theme="@style/StripeDefaultTheme" />
227-->[com.stripe:payments-core:20.52.0] AndroidManifest.xml:66:13-54
228        <activity
228-->[com.stripe:payments-core:20.52.0] AndroidManifest.xml:67:9-70:66
229            android:name="com.stripe.android.googlepaylauncher.GooglePayLauncherActivity"
229-->[com.stripe:payments-core:20.52.0] AndroidManifest.xml:68:13-90
230            android:exported="false"
230-->[com.stripe:payments-core:20.52.0] AndroidManifest.xml:69:13-37
231            android:theme="@style/StripeGooglePayDefaultTheme" />
231-->[com.stripe:payments-core:20.52.0] AndroidManifest.xml:70:13-63
232        <activity
232-->[com.stripe:payments-core:20.52.0] AndroidManifest.xml:71:9-74:66
233            android:name="com.stripe.android.googlepaylauncher.GooglePayPaymentMethodLauncherActivity"
233-->[com.stripe:payments-core:20.52.0] AndroidManifest.xml:72:13-103
234            android:exported="false"
234-->[com.stripe:payments-core:20.52.0] AndroidManifest.xml:73:13-37
235            android:theme="@style/StripeGooglePayDefaultTheme" />
235-->[com.stripe:payments-core:20.52.0] AndroidManifest.xml:74:13-63
236        <activity
236-->[com.stripe:payments-core:20.52.0] AndroidManifest.xml:75:9-78:68
237            android:name="com.stripe.android.payments.paymentlauncher.PaymentLauncherConfirmationActivity"
237-->[com.stripe:payments-core:20.52.0] AndroidManifest.xml:76:13-107
238            android:exported="false"
238-->[com.stripe:payments-core:20.52.0] AndroidManifest.xml:77:13-37
239            android:theme="@style/StripePayLauncherDefaultTheme" />
239-->[com.stripe:payments-core:20.52.0] AndroidManifest.xml:78:13-65
240        <activity
240-->[com.stripe:payments-core:20.52.0] AndroidManifest.xml:79:9-82:61
241            android:name="com.stripe.android.payments.bankaccount.ui.CollectBankAccountActivity"
241-->[com.stripe:payments-core:20.52.0] AndroidManifest.xml:80:13-97
242            android:exported="false"
242-->[com.stripe:payments-core:20.52.0] AndroidManifest.xml:81:13-37
243            android:theme="@style/StripeTransparentTheme" />
243-->[com.stripe:payments-core:20.52.0] AndroidManifest.xml:82:13-58
244
245        <service
245-->[com.google.firebase:firebase-auth-ktx:23.0.0] AndroidManifest.xml:8:9-14:19
246            android:name="com.google.firebase.components.ComponentDiscoveryService"
246-->[com.google.firebase:firebase-auth-ktx:23.0.0] AndroidManifest.xml:9:13-84
247            android:directBootAware="true"
247-->[com.google.firebase:firebase-common:21.0.0] AndroidManifest.xml:32:13-43
248            android:exported="false" >
248-->[com.google.firebase:firebase-auth-ktx:23.0.0] AndroidManifest.xml:10:13-37
249            <meta-data
249-->[com.google.firebase:firebase-auth-ktx:23.0.0] AndroidManifest.xml:11:13-13:85
250                android:name="com.google.firebase.components:com.google.firebase.auth.ktx.FirebaseAuthLegacyRegistrar"
250-->[com.google.firebase:firebase-auth-ktx:23.0.0] AndroidManifest.xml:12:17-119
251                android:value="com.google.firebase.components.ComponentRegistrar" />
251-->[com.google.firebase:firebase-auth-ktx:23.0.0] AndroidManifest.xml:13:17-82
252            <meta-data
252-->[com.google.firebase:firebase-auth:23.0.0] AndroidManifest.xml:69:13-71:85
253                android:name="com.google.firebase.components:com.google.firebase.auth.FirebaseAuthRegistrar"
253-->[com.google.firebase:firebase-auth:23.0.0] AndroidManifest.xml:70:17-109
254                android:value="com.google.firebase.components.ComponentRegistrar" />
254-->[com.google.firebase:firebase-auth:23.0.0] AndroidManifest.xml:71:17-82
255            <meta-data
255-->[com.google.firebase:firebase-messaging-ktx:24.0.2] AndroidManifest.xml:26:13-28:85
256                android:name="com.google.firebase.components:com.google.firebase.messaging.ktx.FirebaseMessagingLegacyRegistrar"
256-->[com.google.firebase:firebase-messaging-ktx:24.0.2] AndroidManifest.xml:27:17-129
257                android:value="com.google.firebase.components.ComponentRegistrar" />
257-->[com.google.firebase:firebase-messaging-ktx:24.0.2] AndroidManifest.xml:28:17-82
258            <meta-data
258-->[com.google.firebase:firebase-messaging:24.0.2] AndroidManifest.xml:57:13-59:85
259                android:name="com.google.firebase.components:com.google.firebase.messaging.FirebaseMessagingKtxRegistrar"
259-->[com.google.firebase:firebase-messaging:24.0.2] AndroidManifest.xml:58:17-122
260                android:value="com.google.firebase.components.ComponentRegistrar" />
260-->[com.google.firebase:firebase-messaging:24.0.2] AndroidManifest.xml:59:17-82
261            <meta-data
261-->[com.google.firebase:firebase-messaging:24.0.2] AndroidManifest.xml:60:13-62:85
262                android:name="com.google.firebase.components:com.google.firebase.messaging.FirebaseMessagingRegistrar"
262-->[com.google.firebase:firebase-messaging:24.0.2] AndroidManifest.xml:61:17-119
263                android:value="com.google.firebase.components.ComponentRegistrar" />
263-->[com.google.firebase:firebase-messaging:24.0.2] AndroidManifest.xml:62:17-82
264            <meta-data
264-->[com.google.firebase:firebase-analytics-ktx:22.1.2] AndroidManifest.xml:11:13-13:85
265                android:name="com.google.firebase.components:com.google.firebase.analytics.ktx.FirebaseAnalyticsLegacyRegistrar"
265-->[com.google.firebase:firebase-analytics-ktx:22.1.2] AndroidManifest.xml:12:17-129
266                android:value="com.google.firebase.components.ComponentRegistrar" />
266-->[com.google.firebase:firebase-analytics-ktx:22.1.2] AndroidManifest.xml:13:17-82
267            <meta-data
267-->[com.google.android.gms:play-services-measurement-api:22.1.2] AndroidManifest.xml:37:13-39:85
268                android:name="com.google.firebase.components:com.google.firebase.analytics.connector.internal.AnalyticsConnectorRegistrar"
268-->[com.google.android.gms:play-services-measurement-api:22.1.2] AndroidManifest.xml:38:17-139
269                android:value="com.google.firebase.components.ComponentRegistrar" />
269-->[com.google.android.gms:play-services-measurement-api:22.1.2] AndroidManifest.xml:39:17-82
270            <meta-data
270-->[com.google.firebase:firebase-installations:18.0.0] AndroidManifest.xml:15:13-17:85
271                android:name="com.google.firebase.components:com.google.firebase.installations.FirebaseInstallationsKtxRegistrar"
271-->[com.google.firebase:firebase-installations:18.0.0] AndroidManifest.xml:16:17-130
272                android:value="com.google.firebase.components.ComponentRegistrar" />